# JRE version: OpenJDK Runtime Environment (8.0_76-b03) (build 1.8.0_76-release-b03)
# Java VM: OpenJDK 64-Bit Server VM (25.76-b03 mixed mode linux-amd64 compressed oops)
Heap:
 PSYoungGen      total 231936K, used 13810K [0x00000000eab00000, 0x00000000fa000000, 0x0000000100000000)
  eden space 218112K, 0% used [0x00000000eab00000,0x00000000eab00000,0x00000000f8000000)
  from space 13824K, 99% used [0x00000000f8000000,0x00000000f8d7c960,0x00000000f8d80000)
  to   space 12800K, 0% used [0x00000000f8d80000,0x00000000f8d80000,0x00000000f9a00000)
 ParOldGen       total 45568K, used 19138K [0x00000000c0000000, 0x00000000c2c80000, 0x00000000eab00000)
  object space 45568K, 41% used [0x00000000c0000000,0x00000000c12b0918,0x00000000c2c80000)
 Metaspace       used 45210K, capacity 46254K, committed 46464K, reserved 1089536K
  class space    used 5918K, capacity 6153K, committed 6272K, reserved 1048576K
GC Heap History (10 events):
Event: 11,038 GC heap after
Heap after GC invocations=6 (full 1):
 PSYoungGen      total 64000K, used 0K [0x00000000eab00000, 0x00000000f3800000, 0x0000000100000000)
  eden space 61440K, 0% used [0x00000000eab00000,0x00000000eab00000,0x00000000ee700000)
  from space 2560K, 0% used [0x00000000ee700000,0x00000000ee700000,0x00000000ee980000)
  to   space 10752K, 0% used [0x00000000f2d80000,0x00000000f2d80000,0x00000000f3800000)
 ParOldGen       total 39936K, used 13422K [0x00000000c0000000, 0x00000000c2700000, 0x00000000eab00000)
  object space 39936K, 33% used [0x00000000c0000000,0x00000000c0d1b960,0x00000000c2700000)
 Metaspace       used 20763K, capacity 21032K, committed 21296K, reserved 1067008K
  class space    used 2712K, capacity 2818K, committed 2944K, reserved 1048576K
}
Event: 15,058 GC heap before
{Heap before GC invocations=7 (full 1):
 PSYoungGen      total 64000K, used 61440K [0x00000000eab00000, 0x00000000f3800000, 0x0000000100000000)
  eden space 61440K, 100% used [0x00000000eab00000,0x00000000ee700000,0x00000000ee700000)
  from space 2560K, 0% used [0x00000000ee700000,0x00000000ee700000,0x00000000ee980000)
  to   space 10752K, 0% used [0x00000000f2d80000,0x00000000f2d80000,0x00000000f3800000)
 ParOldGen       total 39936K, used 13422K [0x00000000c0000000, 0x00000000c2700000, 0x00000000eab00000)
  object space 39936K, 33% used [0x00000000c0000000,0x00000000c0d1b960,0x00000000c2700000)
 Metaspace       used 26113K, capacity 26748K, committed 27008K, reserved 1073152K
  class space    used 3452K, capacity 3620K, committed 3712K, reserved 1048576K
Event: 15,938 GC heap after
Heap after GC invocations=7 (full 1):
 PSYoungGen      total 124928K, used 7828K [0x00000000eab00000, 0x00000000f3580000, 0x0000000100000000)
  eden space 116736K, 0% used [0x00000000eab00000,0x00000000eab00000,0x00000000f1d00000)
  from space 8192K, 95% used [0x00000000f2d80000,0x00000000f3525108,0x00000000f3580000)
  to   space 11264K, 0% used [0x00000000f1f80000,0x00000000f1f80000,0x00000000f2a80000)
 ParOldGen       total 39936K, used 13430K [0x00000000c0000000, 0x00000000c2700000, 0x00000000eab00000)
  object space 39936K, 33% used [0x00000000c0000000,0x00000000c0d1d960,0x00000000c2700000)
 Metaspace       used 26113K, capacity 26748K, committed 27008K, reserved 1073152K
  class space    used 3452K, capacity 3620K, committed 3712K, reserved 1048576K
}
Event: 28,050 GC heap before
{Heap before GC invocations=8 (full 1):
 PSYoungGen      total 124928K, used 124564K [0x00000000eab00000, 0x00000000f3580000, 0x0000000100000000)
  eden space 116736K, 100% used [0x00000000eab00000,0x00000000f1d00000,0x00000000f1d00000)
  from space 8192K, 95% used [0x00000000f2d80000,0x00000000f3525108,0x00000000f3580000)
  to   space 11264K, 0% used [0x00000000f1f80000,0x00000000f1f80000,0x00000000f2a80000)
 ParOldGen       total 39936K, used 13430K [0x00000000c0000000, 0x00000000c2700000, 0x00000000eab00000)
  object space 39936K, 33% used [0x00000000c0000000,0x00000000c0d1d960,0x00000000c2700000)
 Metaspace       used 30898K, capacity 31528K, committed 31744K, reserved 1077248K
  class space    used 4138K, capacity 4311K, committed 4352K, reserved 1048576K
Event: 28,140 GC heap after
Heap after GC invocations=8 (full 1):
 PSYoungGen      total 130560K, used 10537K [0x00000000eab00000, 0x00000000f9a00000, 0x0000000100000000)
  eden space 119296K, 0% used [0x00000000eab00000,0x00000000eab00000,0x00000000f1f80000)
  from space 11264K, 93% used [0x00000000f1f80000,0x00000000f29ca710,0x00000000f2a80000)
  to   space 12800K, 0% used [0x00000000f8d80000,0x00000000f8d80000,0x00000000f9a00000)
 ParOldGen       total 39936K, used 13510K [0x00000000c0000000, 0x00000000c2700000, 0x00000000eab00000)
  object space 39936K, 33% used [0x00000000c0000000,0x00000000c0d31988,0x00000000c2700000)
 Metaspace       used 30898K, capacity 31528K, committed 31744K, reserved 1077248K
  class space    used 4138K, capacity 4311K, committed 4352K, reserved 1048576K
}
Event: 32,605 GC heap before
{Heap before GC invocations=9 (full 1):
 PSYoungGen      total 130560K, used 45828K [0x00000000eab00000, 0x00000000f9a00000, 0x0000000100000000)
  eden space 119296K, 29% used [0x00000000eab00000,0x00000000ecd76ac8,0x00000000f1f80000)
  from space 11264K, 93% used [0x00000000f1f80000,0x00000000f29ca710,0x00000000f2a80000)
  to   space 12800K, 0% used [0x00000000f8d80000,0x00000000f8d80000,0x00000000f9a00000)
 ParOldGen       total 39936K, used 13510K [0x00000000c0000000, 0x00000000c2700000, 0x00000000eab00000)
  object space 39936K, 33% used [0x00000000c0000000,0x00000000c0d31988,0x00000000c2700000)
 Metaspace       used 34632K, capacity 35364K, committed 35496K, reserved 1079296K
  class space    used 4580K, capacity 4785K, committed 4864K, reserved 1048576K
Event: 32,799 GC heap after
Heap after GC invocations=9 (full 1):
 PSYoungGen      total 230912K, used 9717K [0x00000000eab00000, 0x00000000fa000000, 0x0000000100000000)
  eden space 218112K, 0% used [0x00000000eab00000,0x00000000eab00000,0x00000000f8000000)
  from space 12800K, 75% used [0x00000000f8d80000,0x00000000f96fd798,0x00000000f9a00000)
  to   space 13824K, 0% used [0x00000000f8000000,0x00000000f8000000,0x00000000f8d80000)
 ParOldGen       total 39936K, used 13518K [0x00000000c0000000, 0x00000000c2700000, 0x00000000eab00000)
  object space 39936K, 33% used [0x00000000c0000000,0x00000000c0d33988,0x00000000c2700000)
 Metaspace       used 34632K, capacity 35364K, committed 35496K, reserved 1079296K
  class space    used 4580K, capacity 4785K, committed 4864K, reserved 1048576K
}
Event: 32,799 GC heap before
{Heap before GC invocations=10 (full 2):
 PSYoungGen      total 230912K, used 9717K [0x00000000eab00000, 0x00000000fa000000, 0x0000000100000000)
  eden space 218112K, 0% used [0x00000000eab00000,0x00000000eab00000,0x00000000f8000000)
  from space 12800K, 75% used [0x00000000f8d80000,0x00000000f96fd798,0x00000000f9a00000)
  to   space 13824K, 0% used [0x00000000f8000000,0x00000000f8000000,0x00000000f8d80000)
 ParOldGen       total 39936K, used 13518K [0x00000000c0000000, 0x00000000c2700000, 0x00000000eab00000)
  object space 39936K, 33% used [0x00000000c0000000,0x00000000c0d33988,0x00000000c2700000)
 Metaspace       used 34632K, capacity 35364K, committed 35496K, reserved 1079296K
  class space    used 4580K, capacity 4785K, committed 4864K, reserved 1048576K
Event: 32,989 GC heap after
Heap after GC invocations=10 (full 2):
 PSYoungGen      total 230912K, used 0K [0x00000000eab00000, 0x00000000fa000000, 0x0000000100000000)
  eden space 218112K, 0% used [0x00000000eab00000,0x00000000eab00000,0x00000000f8000000)
  from space 12800K, 0% used [0x00000000f8d80000,0x00000000f8d80000,0x00000000f9a00000)
  to   space 13824K, 0% used [0x00000000f8000000,0x00000000f8000000,0x00000000f8d80000)
 ParOldGen       total 45568K, used 16254K [0x00000000c0000000, 0x00000000c2c80000, 0x00000000eab00000)
  object space 45568K, 35% used [0x00000000c0000000,0x00000000c0fdf930,0x00000000c2c80000)
 Metaspace       used 34552K, capacity 35212K, committed 35496K, reserved 1079296K
  class space    used 4554K, capacity 4757K, committed 4864K, reserved 1048576K
}
Event: 42,979 GC heap before
{Heap before GC invocations=11 (full 2):
 PSYoungGen      total 230912K, used 218112K [0x00000000eab00000, 0x00000000fa000000, 0x0000000100000000)
  eden space 218112K, 100% used [0x00000000eab00000,0x00000000f8000000,0x00000000f8000000)
  from space 12800K, 0% used [0x00000000f8d80000,0x00000000f8d80000,0x00000000f9a00000)
  to   space 13824K, 0% used [0x00000000f8000000,0x00000000f8000000,0x00000000f8d80000)
 ParOldGen       total 45568K, used 16254K [0x00000000c0000000, 0x00000000c2c80000, 0x00000000eab00000)
  object space 45568K, 35% used [0x00000000c0000000,0x00000000c0fdf930,0x00000000c2c80000)
 Metaspace       used 45210K, capacity 46254K, committed 46464K, reserved 1089536K
  class space    used 5918K, capacity 6153K, committed 6272K, reserved 1048576K

